{"C:\\Users\\Ola\\BackEnd-Assignment-2\\server.js": {"path":"C:\\Users\\Ola\\BackEnd-Assignment-2\\server.js","statementMap":{"0":{"start":{"line":1,"column":16},"end":{"line":1,"column":34}},"1":{"start":{"line":2,"column":17},"end":{"line":2,"column":36}},"2":{"start":{"line":3,"column":16},"end":{"line":3,"column":42}},"3":{"start":{"line":4,"column":17},"end":{"line":4,"column":36}},"4":{"start":{"line":5,"column":19},"end":{"line":5,"column":41}},"5":{"start":{"line":6,"column":0},"end":{"line":6,"column":27}},"6":{"start":{"line":8,"column":12},"end":{"line":8,"column":21}},"7":{"start":{"line":11,"column":0},"end":{"line":13,"column":34}},"8":{"start":{"line":12,"column":14},"end":{"line":12,"column":46}},"9":{"start":{"line":13,"column":16},"end":{"line":13,"column":32}},"10":{"start":{"line":16,"column":0},"end":{"line":16,"column":52}},"11":{"start":{"line":17,"column":0},"end":{"line":17,"column":83}},"12":{"start":{"line":18,"column":0},"end":{"line":18,"column":31}},"13":{"start":{"line":19,"column":0},"end":{"line":19,"column":28}},"14":{"start":{"line":21,"column":0},"end":{"line":21,"column":24}},"15":{"start":{"line":24,"column":19},"end":{"line":24,"column":43}},"16":{"start":{"line":25,"column":0},"end":{"line":25,"column":29}},"17":{"start":{"line":28,"column":19},"end":{"line":28,"column":43}},"18":{"start":{"line":30,"column":0},"end":{"line":30,"column":30}},"19":{"start":{"line":33,"column":0},"end":{"line":57,"column":3}},"20":{"start":{"line":35,"column":2},"end":{"line":35,"column":27}},"21":{"start":{"line":37,"column":2},"end":{"line":39,"column":3}},"22":{"start":{"line":38,"column":4},"end":{"line":38,"column":82}},"23":{"start":{"line":41,"column":2},"end":{"line":43,"column":3}},"24":{"start":{"line":42,"column":4},"end":{"line":42,"column":58}},"25":{"start":{"line":45,"column":2},"end":{"line":47,"column":3}},"26":{"start":{"line":46,"column":4},"end":{"line":46,"column":63}},"27":{"start":{"line":50,"column":2},"end":{"line":52,"column":3}},"28":{"start":{"line":51,"column":4},"end":{"line":51,"column":67}},"29":{"start":{"line":54,"column":2},"end":{"line":54,"column":40}},"30":{"start":{"line":55,"column":2},"end":{"line":55,"column":75}},"31":{"start":{"line":56,"column":2},"end":{"line":56,"column":8}},"32":{"start":{"line":59,"column":0},"end":{"line":62,"column":1}},"33":{"start":{"line":60,"column":15},"end":{"line":60,"column":39}},"34":{"start":{"line":61,"column":2},"end":{"line":61,"column":72}},"35":{"start":{"line":61,"column":25},"end":{"line":61,"column":70}},"36":{"start":{"line":63,"column":0},"end":{"line":63,"column":21}}},"fnMap":{"0":{"name":"(anonymous_0)","decl":{"start":{"line":12,"column":8},"end":{"line":12,"column":9}},"loc":{"start":{"line":12,"column":14},"end":{"line":12,"column":46}},"line":12},"1":{"name":"(anonymous_1)","decl":{"start":{"line":13,"column":9},"end":{"line":13,"column":10}},"loc":{"start":{"line":13,"column":16},"end":{"line":13,"column":32}},"line":13},"2":{"name":"(anonymous_2)","decl":{"start":{"line":33,"column":8},"end":{"line":33,"column":9}},"loc":{"start":{"line":33,"column":33},"end":{"line":57,"column":1}},"line":33},"3":{"name":"(anonymous_3)","decl":{"start":{"line":61,"column":19},"end":{"line":61,"column":20}},"loc":{"start":{"line":61,"column":25},"end":{"line":61,"column":70}},"line":61}},"branchMap":{"0":{"loc":{"start":{"line":37,"column":2},"end":{"line":39,"column":3}},"type":"if","locations":[{"start":{"line":37,"column":2},"end":{"line":39,"column":3}},{"start":{},"end":{}}],"line":37},"1":{"loc":{"start":{"line":41,"column":2},"end":{"line":43,"column":3}},"type":"if","locations":[{"start":{"line":41,"column":2},"end":{"line":43,"column":3}},{"start":{},"end":{}}],"line":41},"2":{"loc":{"start":{"line":45,"column":2},"end":{"line":47,"column":3}},"type":"if","locations":[{"start":{"line":45,"column":2},"end":{"line":47,"column":3}},{"start":{},"end":{}}],"line":45},"3":{"loc":{"start":{"line":50,"column":2},"end":{"line":52,"column":3}},"type":"if","locations":[{"start":{"line":50,"column":2},"end":{"line":52,"column":3}},{"start":{},"end":{}}],"line":50},"4":{"loc":{"start":{"line":59,"column":0},"end":{"line":62,"column":1}},"type":"if","locations":[{"start":{"line":59,"column":0},"end":{"line":62,"column":1}},{"start":{},"end":{}}],"line":59},"5":{"loc":{"start":{"line":60,"column":15},"end":{"line":60,"column":39}},"type":"binary-expr","locations":[{"start":{"line":60,"column":15},"end":{"line":60,"column":31}},{"start":{"line":60,"column":35},"end":{"line":60,"column":39}}],"line":60}},"s":{"0":2,"1":2,"2":2,"3":2,"4":2,"5":2,"6":2,"7":2,"8":1,"9":0,"10":2,"11":2,"12":2,"13":2,"14":2,"15":2,"16":2,"17":2,"18":2,"19":2,"20":0,"21":0,"22":0,"23":0,"24":0,"25":0,"26":0,"27":0,"28":0,"29":0,"30":0,"31":0,"32":2,"33":0,"34":0,"35":0,"36":2},"f":{"0":1,"1":0,"2":0,"3":0},"b":{"0":[0,0],"1":[0,0],"2":[0,0],"3":[0,0],"4":[0,2],"5":[0,0]},"_coverageSchema":"1a1c01bbd47fc00a2c39e90264f33305004495a9","hash":"93ce2bf4c69aa69912014da83e11262a63db46b1"}
,"C:\\Users\\Ola\\BackEnd-Assignment-2\\controllers\\blog.js": {"path":"C:\\Users\\Ola\\BackEnd-Assignment-2\\controllers\\blog.js","statementMap":{"0":{"start":{"line":1,"column":13},"end":{"line":1,"column":38}},"1":{"start":{"line":2,"column":13},"end":{"line":2,"column":38}},"2":{"start":{"line":3,"column":29},"end":{"line":3,"column":63}},"3":{"start":{"line":4,"column":27},"end":{"line":4,"column":59}},"4":{"start":{"line":5,"column":17},"end":{"line":5,"column":36}},"5":{"start":{"line":7,"column":23},"end":{"line":86,"column":1}},"6":{"start":{"line":9,"column":2},"end":{"line":84,"column":1}},"7":{"start":{"line":10,"column":19},"end":{"line":10,"column":31}},"8":{"start":{"line":11,"column":4},"end":{"line":11,"column":35}},"9":{"start":{"line":13,"column":2},"end":{"line":13,"column":40}},"10":{"start":{"line":14,"column":2},"end":{"line":19,"column":3}},"11":{"start":{"line":15,"column":4},"end":{"line":18,"column":7}},"12":{"start":{"line":21,"column":21},"end":{"line":21,"column":48}},"13":{"start":{"line":22,"column":4},"end":{"line":22,"column":41}},"14":{"start":{"line":23,"column":4},"end":{"line":25,"column":5}},"15":{"start":{"line":24,"column":6},"end":{"line":24,"column":82}},"16":{"start":{"line":26,"column":18},"end":{"line":26,"column":39}},"17":{"start":{"line":27,"column":4},"end":{"line":27,"column":32}},"18":{"start":{"line":28,"column":16},"end":{"line":28,"column":40}},"19":{"start":{"line":29,"column":0},"end":{"line":29,"column":28}},"20":{"start":{"line":31,"column":4},"end":{"line":46,"column":5}},"21":{"start":{"line":33,"column":6},"end":{"line":33,"column":54}},"22":{"start":{"line":34,"column":11},"end":{"line":46,"column":5}},"23":{"start":{"line":36,"column":6},"end":{"line":41,"column":7}},"24":{"start":{"line":37,"column":8},"end":{"line":40,"column":11}},"25":{"start":{"line":42,"column":6},"end":{"line":42,"column":26}},"26":{"start":{"line":45,"column":6},"end":{"line":45,"column":54}},"27":{"start":{"line":47,"column":15},"end":{"line":47,"column":48}},"28":{"start":{"line":48,"column":16},"end":{"line":48,"column":51}},"29":{"start":{"line":49,"column":15},"end":{"line":49,"column":33}},"30":{"start":{"line":50,"column":17},"end":{"line":50,"column":48}},"31":{"start":{"line":51,"column":16},"end":{"line":51,"column":50}},"32":{"start":{"line":54,"column":19},"end":{"line":54,"column":51}},"33":{"start":{"line":55,"column":2},"end":{"line":62,"column":3}},"34":{"start":{"line":56,"column":4},"end":{"line":61,"column":7}},"35":{"start":{"line":65,"column":14},"end":{"line":69,"column":13}},"36":{"start":{"line":72,"column":0},"end":{"line":80,"column":3}},"37":{"start":{"line":82,"column":0},"end":{"line":82,"column":51}},"38":{"start":{"line":83,"column":0},"end":{"line":83,"column":64}},"39":{"start":{"line":88,"column":19},"end":{"line":148,"column":1}},"40":{"start":{"line":89,"column":8},"end":{"line":147,"column":3}},"41":{"start":{"line":91,"column":21},"end":{"line":91,"column":54}},"42":{"start":{"line":92,"column":22},"end":{"line":92,"column":57}},"43":{"start":{"line":93,"column":21},"end":{"line":93,"column":39}},"44":{"start":{"line":94,"column":23},"end":{"line":94,"column":45}},"45":{"start":{"line":95,"column":23},"end":{"line":95,"column":54}},"46":{"start":{"line":96,"column":22},"end":{"line":96,"column":56}},"47":{"start":{"line":99,"column":22},"end":{"line":99,"column":44}},"48":{"start":{"line":102,"column":8},"end":{"line":116,"column":9}},"49":{"start":{"line":103,"column":24},"end":{"line":103,"column":47}},"50":{"start":{"line":104,"column":24},"end":{"line":109,"column":26}},"51":{"start":{"line":111,"column":10},"end":{"line":115,"column":12}},"52":{"start":{"line":114,"column":47},"end":{"line":114,"column":55}},"53":{"start":{"line":117,"column":25},"end":{"line":117,"column":57}},"54":{"start":{"line":118,"column":8},"end":{"line":125,"column":9}},"55":{"start":{"line":119,"column":10},"end":{"line":124,"column":13}},"56":{"start":{"line":128,"column":18},"end":{"line":132,"column":17}},"57":{"start":{"line":135,"column":2},"end":{"line":143,"column":5}},"58":{"start":{"line":145,"column":4},"end":{"line":145,"column":53}},"59":{"start":{"line":146,"column":4},"end":{"line":146,"column":68}},"60":{"start":{"line":150,"column":16},"end":{"line":177,"column":5}},"61":{"start":{"line":151,"column":17},"end":{"line":151,"column":27}},"62":{"start":{"line":153,"column":2},"end":{"line":155,"column":3}},"63":{"start":{"line":154,"column":6},"end":{"line":154,"column":66}},"64":{"start":{"line":156,"column":15},"end":{"line":156,"column":38}},"65":{"start":{"line":157,"column":8},"end":{"line":160,"column":9}},"66":{"start":{"line":158,"column":12},"end":{"line":158,"column":37}},"67":{"start":{"line":159,"column":12},"end":{"line":159,"column":82}},"68":{"start":{"line":161,"column":8},"end":{"line":161,"column":40}},"69":{"start":{"line":162,"column":8},"end":{"line":165,"column":9}},"70":{"start":{"line":163,"column":10},"end":{"line":163,"column":35}},"71":{"start":{"line":164,"column":10},"end":{"line":164,"column":80}},"72":{"start":{"line":167,"column":26},"end":{"line":167,"column":70}},"73":{"start":{"line":168,"column":8},"end":{"line":168,"column":35}},"74":{"start":{"line":171,"column":12},"end":{"line":176,"column":14}},"75":{"start":{"line":178,"column":19},"end":{"line":195,"column":7}},"76":{"start":{"line":179,"column":8},"end":{"line":194,"column":9}},"77":{"start":{"line":180,"column":40},"end":{"line":180,"column":48}},"78":{"start":{"line":181,"column":10},"end":{"line":183,"column":11}},"79":{"start":{"line":182,"column":12},"end":{"line":182,"column":85}},"80":{"start":{"line":185,"column":23},"end":{"line":185,"column":69}},"81":{"start":{"line":186,"column":10},"end":{"line":186,"column":62}},"82":{"start":{"line":187,"column":10},"end":{"line":187,"column":28}},"83":{"start":{"line":188,"column":10},"end":{"line":190,"column":26}},"84":{"start":{"line":192,"column":12},"end":{"line":192,"column":50}},"85":{"start":{"line":193,"column":10},"end":{"line":193,"column":76}},"86":{"start":{"line":196,"column":25},"end":{"line":246,"column":5}},"87":{"start":{"line":197,"column":8},"end":{"line":245,"column":9}},"88":{"start":{"line":199,"column":29},"end":{"line":199,"column":58}},"89":{"start":{"line":200,"column":12},"end":{"line":202,"column":13}},"90":{"start":{"line":201,"column":14},"end":{"line":201,"column":73}},"91":{"start":{"line":203,"column":27},"end":{"line":203,"column":39}},"92":{"start":{"line":204,"column":12},"end":{"line":204,"column":39}},"93":{"start":{"line":206,"column":24},"end":{"line":206,"column":58}},"94":{"start":{"line":207,"column":11},"end":{"line":209,"column":11}},"95":{"start":{"line":208,"column":12},"end":{"line":208,"column":71}},"96":{"start":{"line":210,"column":26},"end":{"line":210,"column":37}},"97":{"start":{"line":211,"column":12},"end":{"line":211,"column":39}},"98":{"start":{"line":212,"column":12},"end":{"line":216,"column":13}},"99":{"start":{"line":213,"column":14},"end":{"line":215,"column":19}},"100":{"start":{"line":223,"column":10},"end":{"line":227,"column":11}},"101":{"start":{"line":224,"column":12},"end":{"line":226,"column":15}},"102":{"start":{"line":228,"column":10},"end":{"line":228,"column":35}},"103":{"start":{"line":229,"column":10},"end":{"line":229,"column":28}},"104":{"start":{"line":231,"column":12},"end":{"line":237,"column":14}},"105":{"start":{"line":241,"column":10},"end":{"line":241,"column":42}},"106":{"start":{"line":243,"column":11},"end":{"line":243,"column":77}},"107":{"start":{"line":248,"column":23},"end":{"line":295,"column":3}},"108":{"start":{"line":249,"column":6},"end":{"line":294,"column":7}},"109":{"start":{"line":250,"column":23},"end":{"line":250,"column":36}},"110":{"start":{"line":251,"column":27},"end":{"line":251,"column":56}},"111":{"start":{"line":252,"column":10},"end":{"line":254,"column":11}},"112":{"start":{"line":253,"column":12},"end":{"line":253,"column":71}},"113":{"start":{"line":255,"column":25},"end":{"line":255,"column":37}},"114":{"start":{"line":256,"column":10},"end":{"line":256,"column":37}},"115":{"start":{"line":258,"column":22},"end":{"line":258,"column":49}},"116":{"start":{"line":259,"column":9},"end":{"line":261,"column":9}},"117":{"start":{"line":260,"column":10},"end":{"line":260,"column":69}},"118":{"start":{"line":262,"column":30},"end":{"line":262,"column":41}},"119":{"start":{"line":263,"column":10},"end":{"line":263,"column":43}},"120":{"start":{"line":264,"column":10},"end":{"line":268,"column":11}},"121":{"start":{"line":265,"column":12},"end":{"line":267,"column":17}},"122":{"start":{"line":275,"column":8},"end":{"line":279,"column":9}},"123":{"start":{"line":276,"column":10},"end":{"line":278,"column":13}},"124":{"start":{"line":281,"column":8},"end":{"line":281,"column":44}},"125":{"start":{"line":283,"column":10},"end":{"line":286,"column":36}},"126":{"start":{"line":290,"column":8},"end":{"line":290,"column":40}},"127":{"start":{"line":292,"column":9},"end":{"line":292,"column":75}},"128":{"start":{"line":298,"column":4},"end":{"line":305,"column":5}}},"fnMap":{"0":{"name":"(anonymous_0)","decl":{"start":{"line":7,"column":23},"end":{"line":7,"column":24}},"loc":{"start":{"line":7,"column":49},"end":{"line":86,"column":1}},"line":7},"1":{"name":"(anonymous_1)","decl":{"start":{"line":88,"column":19},"end":{"line":88,"column":20}},"loc":{"start":{"line":88,"column":45},"end":{"line":148,"column":1}},"line":88},"2":{"name":"(anonymous_2)","decl":{"start":{"line":114,"column":39},"end":{"line":114,"column":40}},"loc":{"start":{"line":114,"column":47},"end":{"line":114,"column":55}},"line":114},"3":{"name":"(anonymous_3)","decl":{"start":{"line":150,"column":16},"end":{"line":150,"column":17}},"loc":{"start":{"line":150,"column":42},"end":{"line":177,"column":5}},"line":150},"4":{"name":"(anonymous_4)","decl":{"start":{"line":178,"column":19},"end":{"line":178,"column":20}},"loc":{"start":{"line":178,"column":45},"end":{"line":195,"column":7}},"line":178},"5":{"name":"(anonymous_5)","decl":{"start":{"line":196,"column":25},"end":{"line":196,"column":26}},"loc":{"start":{"line":196,"column":51},"end":{"line":246,"column":5}},"line":196},"6":{"name":"(anonymous_6)","decl":{"start":{"line":248,"column":23},"end":{"line":248,"column":24}},"loc":{"start":{"line":248,"column":49},"end":{"line":295,"column":3}},"line":248}},"branchMap":{"0":{"loc":{"start":{"line":14,"column":2},"end":{"line":19,"column":3}},"type":"if","locations":[{"start":{"line":14,"column":2},"end":{"line":19,"column":3}},{"start":{},"end":{}}],"line":14},"1":{"loc":{"start":{"line":14,"column":6},"end":{"line":14,"column":82}},"type":"binary-expr","locations":[{"start":{"line":14,"column":6},"end":{"line":14,"column":15}},{"start":{"line":14,"column":19},"end":{"line":14,"column":32}},{"start":{"line":14,"column":36},"end":{"line":14,"column":82}}],"line":14},"2":{"loc":{"start":{"line":23,"column":4},"end":{"line":25,"column":5}},"type":"if","locations":[{"start":{"line":23,"column":4},"end":{"line":25,"column":5}},{"start":{},"end":{}}],"line":23},"3":{"loc":{"start":{"line":26,"column":18},"end":{"line":26,"column":39}},"type":"binary-expr","locations":[{"start":{"line":26,"column":18},"end":{"line":26,"column":33}},{"start":{"line":26,"column":37},"end":{"line":26,"column":39}}],"line":26},"4":{"loc":{"start":{"line":31,"column":4},"end":{"line":46,"column":5}},"type":"if","locations":[{"start":{"line":31,"column":4},"end":{"line":46,"column":5}},{"start":{"line":34,"column":11},"end":{"line":46,"column":5}}],"line":31},"5":{"loc":{"start":{"line":34,"column":11},"end":{"line":46,"column":5}},"type":"if","locations":[{"start":{"line":34,"column":11},"end":{"line":46,"column":5}},{"start":{"line":43,"column":11},"end":{"line":46,"column":5}}],"line":34},"6":{"loc":{"start":{"line":36,"column":6},"end":{"line":41,"column":7}},"type":"if","locations":[{"start":{"line":36,"column":6},"end":{"line":41,"column":7}},{"start":{},"end":{}}],"line":36},"7":{"loc":{"start":{"line":47,"column":15},"end":{"line":47,"column":48}},"type":"binary-expr","locations":[{"start":{"line":47,"column":15},"end":{"line":47,"column":43}},{"start":{"line":47,"column":47},"end":{"line":47,"column":48}}],"line":47},"8":{"loc":{"start":{"line":48,"column":16},"end":{"line":48,"column":51}},"type":"binary-expr","locations":[{"start":{"line":48,"column":16},"end":{"line":48,"column":45}},{"start":{"line":48,"column":49},"end":{"line":48,"column":51}}],"line":48},"9":{"loc":{"start":{"line":50,"column":17},"end":{"line":50,"column":48}},"type":"binary-expr","locations":[{"start":{"line":50,"column":17},"end":{"line":50,"column":33}},{"start":{"line":50,"column":37},"end":{"line":50,"column":48}}],"line":50},"10":{"loc":{"start":{"line":51,"column":16},"end":{"line":51,"column":50}},"type":"cond-expr","locations":[{"start":{"line":51,"column":44},"end":{"line":51,"column":45}},{"start":{"line":51,"column":48},"end":{"line":51,"column":50}}],"line":51},"11":{"loc":{"start":{"line":55,"column":2},"end":{"line":62,"column":3}},"type":"if","locations":[{"start":{"line":55,"column":2},"end":{"line":62,"column":3}},{"start":{},"end":{}}],"line":55},"12":{"loc":{"start":{"line":91,"column":21},"end":{"line":91,"column":54}},"type":"binary-expr","locations":[{"start":{"line":91,"column":21},"end":{"line":91,"column":49}},{"start":{"line":91,"column":53},"end":{"line":91,"column":54}}],"line":91},"13":{"loc":{"start":{"line":92,"column":22},"end":{"line":92,"column":57}},"type":"binary-expr","locations":[{"start":{"line":92,"column":22},"end":{"line":92,"column":51}},{"start":{"line":92,"column":55},"end":{"line":92,"column":57}}],"line":92},"14":{"loc":{"start":{"line":94,"column":23},"end":{"line":94,"column":45}},"type":"binary-expr","locations":[{"start":{"line":94,"column":23},"end":{"line":94,"column":39}},{"start":{"line":94,"column":43},"end":{"line":94,"column":45}}],"line":94},"15":{"loc":{"start":{"line":95,"column":23},"end":{"line":95,"column":54}},"type":"binary-expr","locations":[{"start":{"line":95,"column":23},"end":{"line":95,"column":39}},{"start":{"line":95,"column":43},"end":{"line":95,"column":54}}],"line":95},"16":{"loc":{"start":{"line":96,"column":22},"end":{"line":96,"column":56}},"type":"cond-expr","locations":[{"start":{"line":96,"column":50},"end":{"line":96,"column":51}},{"start":{"line":96,"column":54},"end":{"line":96,"column":56}}],"line":96},"17":{"loc":{"start":{"line":102,"column":8},"end":{"line":116,"column":9}},"type":"if","locations":[{"start":{"line":102,"column":8},"end":{"line":116,"column":9}},{"start":{},"end":{}}],"line":102},"18":{"loc":{"start":{"line":118,"column":8},"end":{"line":125,"column":9}},"type":"if","locations":[{"start":{"line":118,"column":8},"end":{"line":125,"column":9}},{"start":{},"end":{}}],"line":118},"19":{"loc":{"start":{"line":153,"column":2},"end":{"line":155,"column":3}},"type":"if","locations":[{"start":{"line":153,"column":2},"end":{"line":155,"column":3}},{"start":{},"end":{}}],"line":153},"20":{"loc":{"start":{"line":157,"column":8},"end":{"line":160,"column":9}},"type":"if","locations":[{"start":{"line":157,"column":8},"end":{"line":160,"column":9}},{"start":{},"end":{}}],"line":157},"21":{"loc":{"start":{"line":162,"column":8},"end":{"line":165,"column":9}},"type":"if","locations":[{"start":{"line":162,"column":8},"end":{"line":165,"column":9}},{"start":{},"end":{}}],"line":162},"22":{"loc":{"start":{"line":181,"column":10},"end":{"line":183,"column":11}},"type":"if","locations":[{"start":{"line":181,"column":10},"end":{"line":183,"column":11}},{"start":{},"end":{}}],"line":181},"23":{"loc":{"start":{"line":181,"column":14},"end":{"line":181,"column":29}},"type":"binary-expr","locations":[{"start":{"line":181,"column":14},"end":{"line":181,"column":20}},{"start":{"line":181,"column":24},"end":{"line":181,"column":29}}],"line":181},"24":{"loc":{"start":{"line":200,"column":12},"end":{"line":202,"column":13}},"type":"if","locations":[{"start":{"line":200,"column":12},"end":{"line":202,"column":13}},{"start":{},"end":{}}],"line":200},"25":{"loc":{"start":{"line":207,"column":11},"end":{"line":209,"column":11}},"type":"if","locations":[{"start":{"line":207,"column":11},"end":{"line":209,"column":11}},{"start":{},"end":{}}],"line":207},"26":{"loc":{"start":{"line":212,"column":12},"end":{"line":216,"column":13}},"type":"if","locations":[{"start":{"line":212,"column":12},"end":{"line":216,"column":13}},{"start":{},"end":{}}],"line":212},"27":{"loc":{"start":{"line":223,"column":10},"end":{"line":227,"column":11}},"type":"if","locations":[{"start":{"line":223,"column":10},"end":{"line":227,"column":11}},{"start":{},"end":{}}],"line":223},"28":{"loc":{"start":{"line":252,"column":10},"end":{"line":254,"column":11}},"type":"if","locations":[{"start":{"line":252,"column":10},"end":{"line":254,"column":11}},{"start":{},"end":{}}],"line":252},"29":{"loc":{"start":{"line":259,"column":9},"end":{"line":261,"column":9}},"type":"if","locations":[{"start":{"line":259,"column":9},"end":{"line":261,"column":9}},{"start":{},"end":{}}],"line":259},"30":{"loc":{"start":{"line":264,"column":10},"end":{"line":268,"column":11}},"type":"if","locations":[{"start":{"line":264,"column":10},"end":{"line":268,"column":11}},{"start":{},"end":{}}],"line":264},"31":{"loc":{"start":{"line":275,"column":8},"end":{"line":279,"column":9}},"type":"if","locations":[{"start":{"line":275,"column":8},"end":{"line":279,"column":9}},{"start":{},"end":{}}],"line":275}},"s":{"0":2,"1":2,"2":2,"3":2,"4":2,"5":2,"6":0,"7":0,"8":0,"9":0,"10":0,"11":0,"12":0,"13":0,"14":0,"15":0,"16":0,"17":0,"18":0,"19":0,"20":0,"21":0,"22":0,"23":0,"24":0,"25":0,"26":0,"27":0,"28":0,"29":0,"30":0,"31":0,"32":0,"33":0,"34":0,"35":0,"36":0,"37":0,"38":0,"39":2,"40":2,"41":2,"42":2,"43":2,"44":2,"45":2,"46":2,"47":2,"48":2,"49":0,"50":0,"51":0,"52":0,"53":2,"54":2,"55":0,"56":2,"57":0,"58":2,"59":2,"60":2,"61":0,"62":0,"63":0,"64":0,"65":0,"66":0,"67":0,"68":0,"69":0,"70":0,"71":0,"72":0,"73":0,"74":0,"75":2,"76":0,"77":0,"78":0,"79":0,"80":0,"81":0,"82":0,"83":0,"84":0,"85":0,"86":2,"87":0,"88":0,"89":0,"90":0,"91":0,"92":0,"93":0,"94":0,"95":0,"96":0,"97":0,"98":0,"99":0,"100":0,"101":0,"102":0,"103":0,"104":0,"105":0,"106":0,"107":2,"108":0,"109":0,"110":0,"111":0,"112":0,"113":0,"114":0,"115":0,"116":0,"117":0,"118":0,"119":0,"120":0,"121":0,"122":0,"123":0,"124":0,"125":0,"126":0,"127":0,"128":2},"f":{"0":0,"1":2,"2":0,"3":0,"4":0,"5":0,"6":0},"b":{"0":[0,0],"1":[0,0,0],"2":[0,0],"3":[0,0],"4":[0,0],"5":[0,0],"6":[0,0],"7":[0,0],"8":[0,0],"9":[0,0],"10":[0,0],"11":[0,0],"12":[2,2],"13":[2,2],"14":[2,2],"15":[2,2],"16":[0,2],"17":[0,2],"18":[0,2],"19":[0,0],"20":[0,0],"21":[0,0],"22":[0,0],"23":[0,0],"24":[0,0],"25":[0,0],"26":[0,0],"27":[0,0],"28":[0,0],"29":[0,0],"30":[0,0],"31":[0,0]},"_coverageSchema":"1a1c01bbd47fc00a2c39e90264f33305004495a9","hash":"1b5581927fa9ee930c16fe0fb3c01e5f5c13d49a"}
,"C:\\Users\\Ola\\BackEnd-Assignment-2\\controllers\\user.js": {"path":"C:\\Users\\Ola\\BackEnd-Assignment-2\\controllers\\user.js","statementMap":{"0":{"start":{"line":1,"column":16},"end":{"line":1,"column":34}},"1":{"start":{"line":2,"column":13},"end":{"line":2,"column":38}},"2":{"start":{"line":3,"column":13},"end":{"line":3,"column":38}},"3":{"start":{"line":7,"column":15},"end":{"line":7,"column":34}},"4":{"start":{"line":8,"column":12},"end":{"line":8,"column":35}},"5":{"start":{"line":9,"column":21},"end":{"line":9,"column":50}},"6":{"start":{"line":12,"column":17},"end":{"line":38,"column":5}},"7":{"start":{"line":13,"column":4},"end":{"line":37,"column":7}},"8":{"start":{"line":15,"column":68},"end":{"line":15,"column":76}},"9":{"start":{"line":17,"column":8},"end":{"line":19,"column":11}},"10":{"start":{"line":18,"column":12},"end":{"line":18,"column":77}},"11":{"start":{"line":21,"column":27},"end":{"line":21,"column":55}},"12":{"start":{"line":24,"column":5},"end":{"line":26,"column":6}},"13":{"start":{"line":25,"column":7},"end":{"line":25,"column":69}},"14":{"start":{"line":28,"column":28},"end":{"line":28,"column":59}},"15":{"start":{"line":30,"column":22},"end":{"line":30,"column":89}},"16":{"start":{"line":31,"column":21},"end":{"line":31,"column":48}},"17":{"start":{"line":32,"column":5},"end":{"line":32,"column":25}},"18":{"start":{"line":33,"column":5},"end":{"line":33,"column":76}},"19":{"start":{"line":36,"column":8},"end":{"line":36,"column":93}},"20":{"start":{"line":40,"column":14},"end":{"line":88,"column":1}},"21":{"start":{"line":41,"column":4},"end":{"line":87,"column":3}},"22":{"start":{"line":42,"column":37},"end":{"line":42,"column":45}},"23":{"start":{"line":43,"column":8},"end":{"line":45,"column":13}},"24":{"start":{"line":44,"column":10},"end":{"line":44,"column":75}},"25":{"start":{"line":49,"column":23},"end":{"line":49,"column":52}},"26":{"start":{"line":52,"column":10},"end":{"line":55,"column":11}},"27":{"start":{"line":53,"column":12},"end":{"line":53,"column":68}},"28":{"start":{"line":57,"column":20},"end":{"line":57,"column":65}},"29":{"start":{"line":60,"column":4},"end":{"line":62,"column":5}},"30":{"start":{"line":61,"column":6},"end":{"line":61,"column":70}},"31":{"start":{"line":65,"column":18},"end":{"line":70,"column":5}},"32":{"start":{"line":71,"column":4},"end":{"line":71,"column":35}},"33":{"start":{"line":85,"column":4},"end":{"line":85,"column":53}},"34":{"start":{"line":86,"column":4},"end":{"line":86,"column":51}},"35":{"start":{"line":94,"column":0},"end":{"line":97,"column":1}}},"fnMap":{"0":{"name":"(anonymous_0)","decl":{"start":{"line":12,"column":17},"end":{"line":12,"column":18}},"loc":{"start":{"line":12,"column":43},"end":{"line":38,"column":5}},"line":12},"1":{"name":"(anonymous_1)","decl":{"start":{"line":40,"column":14},"end":{"line":40,"column":15}},"loc":{"start":{"line":40,"column":40},"end":{"line":88,"column":1}},"line":40}},"branchMap":{"0":{"loc":{"start":{"line":17,"column":8},"end":{"line":19,"column":11}},"type":"if","locations":[{"start":{"line":17,"column":8},"end":{"line":19,"column":11}},{"start":{},"end":{}}],"line":17},"1":{"loc":{"start":{"line":17,"column":11},"end":{"line":17,"column":72}},"type":"binary-expr","locations":[{"start":{"line":17,"column":11},"end":{"line":17,"column":20}},{"start":{"line":17,"column":24},"end":{"line":17,"column":33}},{"start":{"line":17,"column":37},"end":{"line":17,"column":43}},{"start":{"line":17,"column":47},"end":{"line":17,"column":58}},{"start":{"line":17,"column":62},"end":{"line":17,"column":72}}],"line":17},"2":{"loc":{"start":{"line":24,"column":5},"end":{"line":26,"column":6}},"type":"if","locations":[{"start":{"line":24,"column":5},"end":{"line":26,"column":6}},{"start":{},"end":{}}],"line":24},"3":{"loc":{"start":{"line":43,"column":8},"end":{"line":45,"column":13}},"type":"if","locations":[{"start":{"line":43,"column":8},"end":{"line":45,"column":13}},{"start":{},"end":{}}],"line":43},"4":{"loc":{"start":{"line":43,"column":12},"end":{"line":43,"column":31}},"type":"binary-expr","locations":[{"start":{"line":43,"column":12},"end":{"line":43,"column":18}},{"start":{"line":43,"column":22},"end":{"line":43,"column":31}}],"line":43},"5":{"loc":{"start":{"line":52,"column":10},"end":{"line":55,"column":11}},"type":"if","locations":[{"start":{"line":52,"column":10},"end":{"line":55,"column":11}},{"start":{},"end":{}}],"line":52},"6":{"loc":{"start":{"line":60,"column":4},"end":{"line":62,"column":5}},"type":"if","locations":[{"start":{"line":60,"column":4},"end":{"line":62,"column":5}},{"start":{},"end":{}}],"line":60}},"s":{"0":2,"1":2,"2":2,"3":2,"4":2,"5":2,"6":2,"7":3,"8":3,"9":3,"10":1,"11":2,"12":2,"13":1,"14":1,"15":1,"16":1,"17":1,"18":1,"19":0,"20":2,"21":4,"22":4,"23":4,"24":1,"25":3,"26":3,"27":1,"28":2,"29":2,"30":1,"31":1,"32":1,"33":0,"34":0,"35":2},"f":{"0":3,"1":4},"b":{"0":[1,2],"1":[3,2,2,2,2],"2":[1,1],"3":[1,3],"4":[4,3],"5":[1,2],"6":[1,1]},"_coverageSchema":"1a1c01bbd47fc00a2c39e90264f33305004495a9","hash":"a91f4183eff94971c2a41326d6a991808a195710"}
,"C:\\Users\\Ola\\BackEnd-Assignment-2\\middleware\\auth.js": {"path":"C:\\Users\\Ola\\BackEnd-Assignment-2\\middleware\\auth.js","statementMap":{"0":{"start":{"line":1,"column":12},"end":{"line":1,"column":35}},"1":{"start":{"line":2,"column":17},"end":{"line":2,"column":36}},"2":{"start":{"line":3,"column":13},"end":{"line":3,"column":38}},"3":{"start":{"line":4,"column":22},"end":{"line":4,"column":37}},"4":{"start":{"line":5,"column":0},"end":{"line":5,"column":27}},"5":{"start":{"line":6,"column":19},"end":{"line":6,"column":41}},"6":{"start":{"line":8,"column":25},"end":{"line":63,"column":1}},"7":{"start":{"line":21,"column":4},"end":{"line":62,"column":5}},"8":{"start":{"line":22,"column":27},"end":{"line":22,"column":54}},"9":{"start":{"line":23,"column":8},"end":{"line":23,"column":57}},"10":{"start":{"line":25,"column":8},"end":{"line":28,"column":9}},"11":{"start":{"line":26,"column":10},"end":{"line":26,"column":58}},"12":{"start":{"line":27,"column":10},"end":{"line":27,"column":93}},"13":{"start":{"line":30,"column":22},"end":{"line":30,"column":46}},"14":{"start":{"line":31,"column":8},"end":{"line":31,"column":47}},"15":{"start":{"line":33,"column":8},"end":{"line":36,"column":11}},"16":{"start":{"line":34,"column":12},"end":{"line":34,"column":73}},"17":{"start":{"line":35,"column":12},"end":{"line":35,"column":93}},"18":{"start":{"line":37,"column":26},"end":{"line":37,"column":55}},"19":{"start":{"line":38,"column":10},"end":{"line":38,"column":49}},"20":{"start":{"line":39,"column":10},"end":{"line":42,"column":11}},"21":{"start":{"line":40,"column":12},"end":{"line":40,"column":53}},"22":{"start":{"line":41,"column":12},"end":{"line":41,"column":87}},"23":{"start":{"line":44,"column":4},"end":{"line":44,"column":39}},"24":{"start":{"line":45,"column":19},"end":{"line":45,"column":29}},"25":{"start":{"line":47,"column":28},"end":{"line":47,"column":55}},"26":{"start":{"line":48,"column":8},"end":{"line":48,"column":51}},"27":{"start":{"line":49,"column":8},"end":{"line":51,"column":9}},"28":{"start":{"line":50,"column":10},"end":{"line":50,"column":104}},"29":{"start":{"line":53,"column":7},"end":{"line":53,"column":29}},"30":{"start":{"line":54,"column":7},"end":{"line":54,"column":13}},"31":{"start":{"line":58,"column":6},"end":{"line":58,"column":41}},"32":{"start":{"line":59,"column":5},"end":{"line":59,"column":69}},"33":{"start":{"line":65,"column":0},"end":{"line":65,"column":33}}},"fnMap":{"0":{"name":"(anonymous_0)","decl":{"start":{"line":8,"column":25},"end":{"line":8,"column":26}},"loc":{"start":{"line":8,"column":50},"end":{"line":63,"column":1}},"line":8}},"branchMap":{"0":{"loc":{"start":{"line":25,"column":8},"end":{"line":28,"column":9}},"type":"if","locations":[{"start":{"line":25,"column":8},"end":{"line":28,"column":9}},{"start":{},"end":{}}],"line":25},"1":{"loc":{"start":{"line":25,"column":12},"end":{"line":25,"column":59}},"type":"binary-expr","locations":[{"start":{"line":25,"column":12},"end":{"line":25,"column":23}},{"start":{"line":25,"column":27},"end":{"line":25,"column":59}}],"line":25},"2":{"loc":{"start":{"line":33,"column":8},"end":{"line":36,"column":11}},"type":"if","locations":[{"start":{"line":33,"column":8},"end":{"line":36,"column":11}},{"start":{},"end":{}}],"line":33},"3":{"loc":{"start":{"line":39,"column":10},"end":{"line":42,"column":11}},"type":"if","locations":[{"start":{"line":39,"column":10},"end":{"line":42,"column":11}},{"start":{},"end":{}}],"line":39},"4":{"loc":{"start":{"line":49,"column":8},"end":{"line":51,"column":9}},"type":"if","locations":[{"start":{"line":49,"column":8},"end":{"line":51,"column":9}},{"start":{},"end":{}}],"line":49}},"s":{"0":2,"1":2,"2":2,"3":2,"4":2,"5":2,"6":2,"7":0,"8":0,"9":0,"10":0,"11":0,"12":0,"13":0,"14":0,"15":0,"16":0,"17":0,"18":0,"19":0,"20":0,"21":0,"22":0,"23":0,"24":0,"25":0,"26":0,"27":0,"28":0,"29":0,"30":0,"31":0,"32":0,"33":2},"f":{"0":0},"b":{"0":[0,0],"1":[0,0],"2":[0,0],"3":[0,0],"4":[0,0]},"_coverageSchema":"1a1c01bbd47fc00a2c39e90264f33305004495a9","hash":"df071a0e59639da8a0e422579464b21ad04fbb23"}
,"C:\\Users\\Ola\\BackEnd-Assignment-2\\models\\Blog.js": {"path":"C:\\Users\\Ola\\BackEnd-Assignment-2\\models\\Blog.js","statementMap":{"0":{"start":{"line":1,"column":17},"end":{"line":1,"column":36}},"1":{"start":{"line":3,"column":19},"end":{"line":41,"column":2}},"2":{"start":{"line":45,"column":14},"end":{"line":45,"column":48}},"3":{"start":{"line":46,"column":0},"end":{"line":46,"column":21}}},"fnMap":{},"branchMap":{},"s":{"0":2,"1":2,"2":2,"3":2},"f":{},"b":{},"_coverageSchema":"1a1c01bbd47fc00a2c39e90264f33305004495a9","hash":"c8cc248fb8a2749668f81f7062108317604465ec"}
,"C:\\Users\\Ola\\BackEnd-Assignment-2\\models\\User.js": {"path":"C:\\Users\\Ola\\BackEnd-Assignment-2\\models\\User.js","statementMap":{"0":{"start":{"line":1,"column":17},"end":{"line":1,"column":36}},"1":{"start":{"line":2,"column":15},"end":{"line":2,"column":34}},"2":{"start":{"line":4,"column":19},"end":{"line":48,"column":2}},"3":{"start":{"line":50,"column":14},"end":{"line":50,"column":48}},"4":{"start":{"line":52,"column":0},"end":{"line":52,"column":21}}},"fnMap":{},"branchMap":{},"s":{"0":2,"1":2,"2":2,"3":2,"4":2},"f":{},"b":{},"_coverageSchema":"1a1c01bbd47fc00a2c39e90264f33305004495a9","hash":"b92c778079abb538163e5e80fbffe1fea6c02b69"}
,"C:\\Users\\Ola\\BackEnd-Assignment-2\\routes\\blog.js": {"path":"C:\\Users\\Ola\\BackEnd-Assignment-2\\routes\\blog.js","statementMap":{"0":{"start":{"line":1,"column":0},"end":{"line":1,"column":25}},"1":{"start":{"line":2,"column":16},"end":{"line":2,"column":34}},"2":{"start":{"line":3,"column":23},"end":{"line":3,"column":53}},"3":{"start":{"line":5,"column":15},"end":{"line":5,"column":31}},"4":{"start":{"line":6,"column":0},"end":{"line":6,"column":25}},"5":{"start":{"line":7,"column":24},"end":{"line":7,"column":53}},"6":{"start":{"line":10,"column":0},"end":{"line":10,"column":70}},"7":{"start":{"line":12,"column":0},"end":{"line":12,"column":45}},"8":{"start":{"line":13,"column":0},"end":{"line":13,"column":44}},"9":{"start":{"line":17,"column":1},"end":{"line":17,"column":68}},"10":{"start":{"line":20,"column":0},"end":{"line":20,"column":69}},"11":{"start":{"line":23,"column":0},"end":{"line":23,"column":66}},"12":{"start":{"line":27,"column":0},"end":{"line":27,"column":24}}},"fnMap":{},"branchMap":{},"s":{"0":2,"1":2,"2":2,"3":2,"4":2,"5":2,"6":2,"7":2,"8":2,"9":2,"10":2,"11":2,"12":2},"f":{},"b":{},"_coverageSchema":"1a1c01bbd47fc00a2c39e90264f33305004495a9","hash":"4f55393df22bdb44ecf55e820c4ab37ac4b2da6d"}
,"C:\\Users\\Ola\\BackEnd-Assignment-2\\routes\\user.js": {"path":"C:\\Users\\Ola\\BackEnd-Assignment-2\\routes\\user.js","statementMap":{"0":{"start":{"line":1,"column":16},"end":{"line":1,"column":34}},"1":{"start":{"line":3,"column":15},"end":{"line":3,"column":31}},"2":{"start":{"line":4,"column":23},"end":{"line":4,"column":53}},"3":{"start":{"line":8,"column":0},"end":{"line":8,"column":48}},"4":{"start":{"line":11,"column":0},"end":{"line":11,"column":44}},"5":{"start":{"line":13,"column":0},"end":{"line":13,"column":24}}},"fnMap":{},"branchMap":{},"s":{"0":2,"1":2,"2":2,"3":2,"4":2,"5":2},"f":{},"b":{},"_coverageSchema":"1a1c01bbd47fc00a2c39e90264f33305004495a9","hash":"659520b8790312387caf49db966932b7de94fad8"}
,"C:\\Users\\Ola\\BackEnd-Assignment-2\\utils\\readCount.js": {"path":"C:\\Users\\Ola\\BackEnd-Assignment-2\\utils\\readCount.js","statementMap":{"0":{"start":{"line":2,"column":23},"end":{"line":23,"column":3}},"1":{"start":{"line":3,"column":4},"end":{"line":22,"column":5}},"2":{"start":{"line":5,"column":23},"end":{"line":5,"column":55}},"3":{"start":{"line":6,"column":6},"end":{"line":8,"column":7}},"4":{"start":{"line":7,"column":8},"end":{"line":7,"column":56}},"5":{"start":{"line":11,"column":6},"end":{"line":13,"column":7}},"6":{"start":{"line":12,"column":8},"end":{"line":12,"column":85}},"7":{"start":{"line":15,"column":6},"end":{"line":15,"column":31}},"8":{"start":{"line":16,"column":6},"end":{"line":16,"column":28}},"9":{"start":{"line":18,"column":6},"end":{"line":18,"column":33}},"10":{"start":{"line":20,"column":6},"end":{"line":20,"column":86}},"11":{"start":{"line":21,"column":6},"end":{"line":21,"column":58}},"12":{"start":{"line":25,"column":2},"end":{"line":25,"column":38}}},"fnMap":{"0":{"name":"(anonymous_0)","decl":{"start":{"line":2,"column":23},"end":{"line":2,"column":24}},"loc":{"start":{"line":2,"column":63},"end":{"line":23,"column":3}},"line":2}},"branchMap":{"0":{"loc":{"start":{"line":6,"column":6},"end":{"line":8,"column":7}},"type":"if","locations":[{"start":{"line":6,"column":6},"end":{"line":8,"column":7}},{"start":{},"end":{}}],"line":6},"1":{"loc":{"start":{"line":11,"column":6},"end":{"line":13,"column":7}},"type":"if","locations":[{"start":{"line":11,"column":6},"end":{"line":13,"column":7}},{"start":{},"end":{}}],"line":11}},"s":{"0":2,"1":0,"2":0,"3":0,"4":0,"5":0,"6":0,"7":0,"8":0,"9":0,"10":0,"11":0,"12":2},"f":{"0":0},"b":{"0":[0,0],"1":[0,0]},"_coverageSchema":"1a1c01bbd47fc00a2c39e90264f33305004495a9","hash":"13f04bddec4b57c4710ee934ad197195ef234fc1"}
,"C:\\Users\\Ola\\BackEnd-Assignment-2\\utils\\readingTime.js": {"path":"C:\\Users\\Ola\\BackEnd-Assignment-2\\utils\\readingTime.js","statementMap":{"0":{"start":{"line":1,"column":0},"end":{"line":6,"column":4}},"1":{"start":{"line":2,"column":25},"end":{"line":2,"column":28}},"2":{"start":{"line":3,"column":16},"end":{"line":3,"column":40}},"3":{"start":{"line":4,"column":22},"end":{"line":4,"column":55}},"4":{"start":{"line":5,"column":2},"end":{"line":5,"column":21}}},"fnMap":{"0":{"name":"calculateReadingTime","decl":{"start":{"line":1,"column":26},"end":{"line":1,"column":46}},"loc":{"start":{"line":1,"column":53},"end":{"line":6,"column":3}},"line":1}},"branchMap":{},"s":{"0":2,"1":0,"2":0,"3":0,"4":0},"f":{"0":0},"b":{},"_coverageSchema":"1a1c01bbd47fc00a2c39e90264f33305004495a9","hash":"2d9a4f9bd0fe29a661eddbdc2fe68596a7f0d704"}
,"C:\\Users\\Ola\\BackEnd-Assignment-2\\utils\\test_utils\\setUpTestDb.js": {"path":"C:\\Users\\Ola\\BackEnd-Assignment-2\\utils\\test_utils\\setUpTestDb.js","statementMap":{"0":{"start":{"line":1,"column":17},"end":{"line":1,"column":36}},"1":{"start":{"line":5,"column":20},"end":{"line":29,"column":1}},"2":{"start":{"line":6,"column":2},"end":{"line":12,"column":5}},"3":{"start":{"line":7,"column":4},"end":{"line":10,"column":7}},"4":{"start":{"line":11,"column":4},"end":{"line":11,"column":32}},"5":{"start":{"line":14,"column":2},"end":{"line":20,"column":12}},"6":{"start":{"line":15,"column":4},"end":{"line":19,"column":6}},"7":{"start":{"line":17,"column":8},"end":{"line":17,"column":33}},"8":{"start":{"line":26,"column":2},"end":{"line":28,"column":5}},"9":{"start":{"line":27,"column":4},"end":{"line":27,"column":32}},"10":{"start":{"line":31,"column":0},"end":{"line":31,"column":29}}},"fnMap":{"0":{"name":"(anonymous_0)","decl":{"start":{"line":5,"column":20},"end":{"line":5,"column":21}},"loc":{"start":{"line":5,"column":26},"end":{"line":29,"column":1}},"line":5},"1":{"name":"(anonymous_1)","decl":{"start":{"line":6,"column":12},"end":{"line":6,"column":13}},"loc":{"start":{"line":6,"column":24},"end":{"line":12,"column":3}},"line":6},"2":{"name":"(anonymous_2)","decl":{"start":{"line":14,"column":13},"end":{"line":14,"column":14}},"loc":{"start":{"line":14,"column":25},"end":{"line":20,"column":3}},"line":14},"3":{"name":"(anonymous_3)","decl":{"start":{"line":16,"column":57},"end":{"line":16,"column":58}},"loc":{"start":{"line":17,"column":8},"end":{"line":17,"column":33}},"line":17},"4":{"name":"(anonymous_4)","decl":{"start":{"line":26,"column":11},"end":{"line":26,"column":12}},"loc":{"start":{"line":26,"column":23},"end":{"line":28,"column":3}},"line":26}},"branchMap":{},"s":{"0":2,"1":2,"2":2,"3":2,"4":2,"5":2,"6":9,"7":14,"8":2,"9":2,"10":2},"f":{"0":2,"1":2,"2":9,"3":14,"4":2},"b":{},"_coverageSchema":"1a1c01bbd47fc00a2c39e90264f33305004495a9","hash":"919d664c5eebb046a474c86d4c9a02d25c3fc48a"}
}
