TN:
SF:server.js
FN:12,(anonymous_0)
FN:13,(anonymous_1)
FN:33,(anonymous_2)
FN:61,(anonymous_3)
FNF:4
FNH:1
FNDA:1,(anonymous_0)
FNDA:0,(anonymous_1)
FNDA:0,(anonymous_2)
FNDA:0,(anonymous_3)
DA:1,2
DA:2,2
DA:3,2
DA:4,2
DA:5,2
DA:6,2
DA:8,2
DA:11,2
DA:12,1
DA:13,0
DA:16,2
DA:17,2
DA:18,2
DA:19,2
DA:21,2
DA:24,2
DA:25,2
DA:28,2
DA:30,2
DA:33,2
DA:35,0
DA:37,0
DA:38,0
DA:41,0
DA:42,0
DA:45,0
DA:46,0
DA:50,0
DA:51,0
DA:54,0
DA:55,0
DA:56,0
DA:59,2
DA:60,0
DA:61,0
DA:63,2
LF:36
LH:21
BRDA:37,0,0,0
BRDA:37,0,1,0
BRDA:41,1,0,0
BRDA:41,1,1,0
BRDA:45,2,0,0
BRDA:45,2,1,0
BRDA:50,3,0,0
BRDA:50,3,1,0
BRDA:59,4,0,0
BRDA:59,4,1,2
BRDA:60,5,0,0
BRDA:60,5,1,0
BRF:12
BRH:1
end_of_record
TN:
SF:controllers\blog.js
FN:7,(anonymous_0)
FN:88,(anonymous_1)
FN:114,(anonymous_2)
FN:150,(anonymous_3)
FN:178,(anonymous_4)
FN:196,(anonymous_5)
FN:248,(anonymous_6)
FNF:7
FNH:1
FNDA:0,(anonymous_0)
FNDA:2,(anonymous_1)
FNDA:0,(anonymous_2)
FNDA:0,(anonymous_3)
FNDA:0,(anonymous_4)
FNDA:0,(anonymous_5)
FNDA:0,(anonymous_6)
DA:1,2
DA:2,2
DA:3,2
DA:4,2
DA:5,2
DA:7,2
DA:9,0
DA:10,0
DA:11,0
DA:13,0
DA:14,0
DA:15,0
DA:21,0
DA:22,0
DA:23,0
DA:24,0
DA:26,0
DA:27,0
DA:28,0
DA:29,0
DA:31,0
DA:33,0
DA:34,0
DA:36,0
DA:37,0
DA:42,0
DA:45,0
DA:47,0
DA:48,0
DA:49,0
DA:50,0
DA:51,0
DA:54,0
DA:55,0
DA:56,0
DA:65,0
DA:72,0
DA:82,0
DA:83,0
DA:88,2
DA:89,2
DA:91,2
DA:92,2
DA:93,2
DA:94,2
DA:95,2
DA:96,2
DA:99,2
DA:102,2
DA:103,0
DA:104,0
DA:111,0
DA:114,0
DA:117,2
DA:118,2
DA:119,0
DA:128,2
DA:135,0
DA:145,2
DA:146,2
DA:150,2
DA:151,0
DA:153,0
DA:154,0
DA:156,0
DA:157,0
DA:158,0
DA:159,0
DA:161,0
DA:162,0
DA:163,0
DA:164,0
DA:167,0
DA:168,0
DA:171,0
DA:178,2
DA:179,0
DA:180,0
DA:181,0
DA:182,0
DA:185,0
DA:186,0
DA:187,0
DA:188,0
DA:192,0
DA:193,0
DA:196,2
DA:197,0
DA:199,0
DA:200,0
DA:201,0
DA:203,0
DA:204,0
DA:206,0
DA:207,0
DA:208,0
DA:210,0
DA:211,0
DA:212,0
DA:213,0
DA:223,0
DA:224,0
DA:228,0
DA:229,0
DA:231,0
DA:241,0
DA:243,0
DA:248,2
DA:249,0
DA:250,0
DA:251,0
DA:252,0
DA:253,0
DA:255,0
DA:256,0
DA:258,0
DA:259,0
DA:260,0
DA:262,0
DA:263,0
DA:264,0
DA:265,0
DA:275,0
DA:276,0
DA:281,0
DA:283,0
DA:290,0
DA:292,0
DA:298,2
LF:129
LH:26
BRDA:14,0,0,0
BRDA:14,0,1,0
BRDA:14,1,0,0
BRDA:14,1,1,0
BRDA:14,1,2,0
BRDA:23,2,0,0
BRDA:23,2,1,0
BRDA:26,3,0,0
BRDA:26,3,1,0
BRDA:31,4,0,0
BRDA:31,4,1,0
BRDA:34,5,0,0
BRDA:34,5,1,0
BRDA:36,6,0,0
BRDA:36,6,1,0
BRDA:47,7,0,0
BRDA:47,7,1,0
BRDA:48,8,0,0
BRDA:48,8,1,0
BRDA:50,9,0,0
BRDA:50,9,1,0
BRDA:51,10,0,0
BRDA:51,10,1,0
BRDA:55,11,0,0
BRDA:55,11,1,0
BRDA:91,12,0,2
BRDA:91,12,1,2
BRDA:92,13,0,2
BRDA:92,13,1,2
BRDA:94,14,0,2
BRDA:94,14,1,2
BRDA:95,15,0,2
BRDA:95,15,1,2
BRDA:96,16,0,0
BRDA:96,16,1,2
BRDA:102,17,0,0
BRDA:102,17,1,2
BRDA:118,18,0,0
BRDA:118,18,1,2
BRDA:153,19,0,0
BRDA:153,19,1,0
BRDA:157,20,0,0
BRDA:157,20,1,0
BRDA:162,21,0,0
BRDA:162,21,1,0
BRDA:181,22,0,0
BRDA:181,22,1,0
BRDA:181,23,0,0
BRDA:181,23,1,0
BRDA:200,24,0,0
BRDA:200,24,1,0
BRDA:207,25,0,0
BRDA:207,25,1,0
BRDA:212,26,0,0
BRDA:212,26,1,0
BRDA:223,27,0,0
BRDA:223,27,1,0
BRDA:252,28,0,0
BRDA:252,28,1,0
BRDA:259,29,0,0
BRDA:259,29,1,0
BRDA:264,30,0,0
BRDA:264,30,1,0
BRDA:275,31,0,0
BRDA:275,31,1,0
BRF:65
BRH:11
end_of_record
TN:
SF:controllers\user.js
FN:12,(anonymous_0)
FN:40,(anonymous_1)
FNF:2
FNH:2
FNDA:3,(anonymous_0)
FNDA:4,(anonymous_1)
DA:1,2
DA:2,2
DA:3,2
DA:7,2
DA:8,2
DA:9,2
DA:12,2
DA:13,3
DA:15,3
DA:17,3
DA:18,1
DA:21,2
DA:24,2
DA:25,1
DA:28,1
DA:30,1
DA:31,1
DA:32,1
DA:33,1
DA:36,0
DA:40,2
DA:41,4
DA:42,4
DA:43,4
DA:44,1
DA:49,3
DA:52,3
DA:53,1
DA:57,2
DA:60,2
DA:61,1
DA:65,1
DA:71,1
DA:85,0
DA:86,0
DA:94,2
LF:36
LH:33
BRDA:17,0,0,1
BRDA:17,0,1,2
BRDA:17,1,0,3
BRDA:17,1,1,2
BRDA:17,1,2,2
BRDA:17,1,3,2
BRDA:17,1,4,2
BRDA:24,2,0,1
BRDA:24,2,1,1
BRDA:43,3,0,1
BRDA:43,3,1,3
BRDA:43,4,0,4
BRDA:43,4,1,3
BRDA:52,5,0,1
BRDA:52,5,1,2
BRDA:60,6,0,1
BRDA:60,6,1,1
BRF:17
BRH:17
end_of_record
TN:
SF:middleware\auth.js
FN:8,(anonymous_0)
FNF:1
FNH:0
FNDA:0,(anonymous_0)
DA:1,2
DA:2,2
DA:3,2
DA:4,2
DA:5,2
DA:6,2
DA:8,2
DA:21,0
DA:22,0
DA:23,0
DA:25,0
DA:26,0
DA:27,0
DA:30,0
DA:31,0
DA:33,0
DA:34,0
DA:35,0
DA:37,0
DA:38,0
DA:39,0
DA:40,0
DA:41,0
DA:44,0
DA:45,0
DA:47,0
DA:48,0
DA:49,0
DA:50,0
DA:53,0
DA:54,0
DA:58,0
DA:59,0
DA:65,2
LF:34
LH:8
BRDA:25,0,0,0
BRDA:25,0,1,0
BRDA:25,1,0,0
BRDA:25,1,1,0
BRDA:33,2,0,0
BRDA:33,2,1,0
BRDA:39,3,0,0
BRDA:39,3,1,0
BRDA:49,4,0,0
BRDA:49,4,1,0
BRF:10
BRH:0
end_of_record
TN:
SF:models\Blog.js
FNF:0
FNH:0
DA:1,2
DA:3,2
DA:45,2
DA:46,2
LF:4
LH:4
BRF:0
BRH:0
end_of_record
TN:
SF:models\User.js
FNF:0
FNH:0
DA:1,2
DA:2,2
DA:4,2
DA:50,2
DA:52,2
LF:5
LH:5
BRF:0
BRH:0
end_of_record
TN:
SF:routes\blog.js
FNF:0
FNH:0
DA:1,2
DA:2,2
DA:3,2
DA:5,2
DA:6,2
DA:7,2
DA:10,2
DA:12,2
DA:13,2
DA:17,2
DA:20,2
DA:23,2
DA:27,2
LF:13
LH:13
BRF:0
BRH:0
end_of_record
TN:
SF:routes\user.js
FNF:0
FNH:0
DA:1,2
DA:3,2
DA:4,2
DA:8,2
DA:11,2
DA:13,2
LF:6
LH:6
BRF:0
BRH:0
end_of_record
TN:
SF:utils\readCount.js
FN:2,(anonymous_0)
FNF:1
FNH:0
FNDA:0,(anonymous_0)
DA:2,2
DA:3,0
DA:5,0
DA:6,0
DA:7,0
DA:11,0
DA:12,0
DA:15,0
DA:16,0
DA:18,0
DA:20,0
DA:21,0
DA:25,2
LF:13
LH:2
BRDA:6,0,0,0
BRDA:6,0,1,0
BRDA:11,1,0,0
BRDA:11,1,1,0
BRF:4
BRH:0
end_of_record
TN:
SF:utils\readingTime.js
FN:1,calculateReadingTime
FNF:1
FNH:0
FNDA:0,calculateReadingTime
DA:1,2
DA:2,0
DA:3,0
DA:4,0
DA:5,0
LF:5
LH:1
BRF:0
BRH:0
end_of_record
TN:
SF:utils\test_utils\setUpTestDb.js
FN:5,(anonymous_0)
FN:6,(anonymous_1)
FN:14,(anonymous_2)
FN:16,(anonymous_3)
FN:26,(anonymous_4)
FNF:5
FNH:5
FNDA:2,(anonymous_0)
FNDA:2,(anonymous_1)
FNDA:9,(anonymous_2)
FNDA:14,(anonymous_3)
FNDA:2,(anonymous_4)
DA:1,2
DA:5,2
DA:6,2
DA:7,2
DA:11,2
DA:14,2
DA:15,9
DA:17,14
DA:26,2
DA:27,2
DA:31,2
LF:11
LH:11
BRF:0
BRH:0
end_of_record
